<?xml version="1.0" encoding="UTF-8"?>
<!-- Generated by org.testng.reporters.JUnitReportReporter -->
<testsuite hostname="DESKTOP-PPGSCA3" failures="0" tests="1" name="testCases.DreamDiaryTest" time="3.788" errors="0" timestamp="2025-06-17T18:44:14 IST" skipped="0">
  <testcase classname="testCases.DreamDiaryTest" name="testDreamDiaryValidation" time="3.788"/>
</testsuite> <!-- testCases.DreamDiaryTest -->
