<?xml version="1.0" encoding="UTF-8"?>
<!-- Generated by org.testng.reporters.JUnitReportReporter -->
<testsuite hostname="DESKTOP-PPGSCA3" failures="0" tests="1" name="testCases.DreamTotalTest" time="0.688" errors="0" timestamp="2025-06-17T18:44:14 IST" skipped="0">
  <testcase classname="testCases.DreamTotalTest" name="testDreamSummaryPage" time="0.688"/>
</testsuite> <!-- testCases.DreamTotalTest -->
