<?xml version="1.0" encoding="UTF-8"?>
<!-- Generated by org.testng.reporters.JUnitReportReporter -->
<testsuite hostname="DESKTOP-PPGSCA3" failures="0" tests="1" name="testCases.DreamDiaryTest" time="3.197" errors="0" timestamp="2025-06-18T00:38:39 IST" skipped="0">
  <testcase classname="testCases.DreamDiaryTest" name="testDreamDiaryValidation" time="3.197"/>
</testsuite> <!-- testCases.DreamDiaryTest -->
