<?xml version="1.0" encoding="UTF-8"?>
<!-- Generated by org.testng.reporters.JUnitReportReporter -->
<testsuite hostname="DESKTOP-PPGSCA3" failures="0" tests="1" name="testCases.HomePageTest" time="5.664" errors="0" timestamp="2025-06-18T00:38:39 IST" skipped="0">
  <testcase classname="testCases.HomePageTest" name="testHomePageLoads" time="5.664"/>
</testsuite> <!-- testCases.HomePageTest -->
