<?xml version="1.0" encoding="UTF-8"?>
<!-- Generated by org.testng.reporters.JUnitReportReporter -->
<testsuite hostname="DESKTOP-PPGSCA3" failures="0" tests="1" name="testCases.DreamTotalTest" time="0.918" errors="0" timestamp="2025-06-18T00:38:38 IST" skipped="0">
  <testcase classname="testCases.DreamTotalTest" name="testDreamSummaryPage" time="0.918"/>
</testsuite> <!-- testCases.DreamTotalTest -->
